=== corrida 1/20 (semilla 777000) ===
[corrida 0] CONTRAEJEMPLO en gen 72: gap=0.00487247 n=29 g6=\?KGCF??OP@??G?O?C?A??O??_?O??O??@???G??O???C???O??A????G???@???A????
=== corrida 2/20 (semilla 777001) ===
[corrida 1] CONTRAEJEMPLO en gen 32: gap=0.02181009 n=18 g6=Q??wGBH@?@?C@??G?_?@??G?C??
=== corrida 3/20 (semilla 777002) ===
[corrida 2] CONTRAEJEMPLO en gen 73: gap=0.00487247 n=29 g6=\IOCG?@?_D?OO?OG?CA???G?A??@??@??A??O??A???G????_???G???C???C???O????
=== corrida 4/20 (semilla 777003) ===
[corrida 3] CONTRAEJEMPLO en gen 48: gap=0.02181009 n=18 g6=QWGPH?CG?GC?@?@??_?G?G??_??
=== corrida 5/20 (semilla 777004) ===
[corrida 4] CONTRAEJEMPLO en gen 68: gap=0.00487247 n=29 g6=\I@CO??EWCG?O??C?OA???_??O?C??C?@???O????_??O???C??O????O????_??O????
=== corrida 6/20 (semilla 777005) ===
[corrida 5] CONTRAEJEMPLO en gen 83: gap=0.00487247 n=29 g6=\?BH_CCA?C__?C?C?O??_?_?C???_?C??C??@????_??O???_???C???A???G???@????
=== corrida 7/20 (semilla 777006) ===
[corrida 6] CONTRAEJEMPLO en gen 86: gap=0.00487247 n=29 g6=\DP?`@O?OA?GO??OG??_??O?@?A??A???O??O???_??G????O??C????G??A????C????
=== corrida 8/20 (semilla 777007) ===
[corrida 7] CONTRAEJEMPLO en gen 86: gap=0.00487247 n=29 g6=\_@C`O@?a?GG?_?O?OA???O@???C??A?@????_?A???G????O???_???O???C????O???
=== corrida 9/20 (semilla 777008) ===
[corrida 8] CONTRAEJEMPLO en gen 78: gap=0.00487247 n=29 g6=\EHC@@?GD?O?_?G?G?A??G?@??C??@??@???_??A???C???_???O???C???@????_????
=== corrida 10/20 (semilla 777009) ===
[corrida 9] sin contraejemplo tras 1000 gens (mejor gap=-0.116962)
=== corrida 11/20 (semilla 777010) ===
[corrida 10] CONTRAEJEMPLO en gen 78: gap=0.00487247 n=29 g6=\SA??CAUC?O??_?c?O??__??A?C???C???O??C??C??O????C??_????O????_???_???
=== corrida 12/20 (semilla 777011) ===
[corrida 11] CONTRAEJEMPLO en gen 97: gap=0.00487247 n=29 g6=\E@__GCAO?_A@??CA???_C??O???_?_??C???C??_???_??C???@????_???_????C???
=== corrida 13/20 (semilla 777012) ===
[corrida 12] CONTRAEJEMPLO en gen 92: gap=0.00487247 n=29 g6=\GGDC?[G?@O?G?_??C?@?_?A??C???@??_??G??C????C???G??G???O???@????_????
=== corrida 14/20 (semilla 777013) ===
[corrida 13] CONTRAEJEMPLO en gen 90: gap=0.00487247 n=29 g6=\AA_?T@P?GG?O?@??G?G??O@???A??G??@??O???G???G??O???@????_???A???O????
=== corrida 15/20 (semilla 777014) ===
[corrida 14] CONTRAEJEMPLO en gen 83: gap=0.01552173 n=29 g6=\_KO`@?O@?A?G?G?A?@??O?@??A_??_??O??G??A???C???O???G???G???@????O????
=== corrida 16/20 (semilla 777015) ===
[corrida 15] CONTRAEJEMPLO en gen 75: gap=0.01552173 n=29 g6=\W??CcK?H??G?GG??G@@??G?_??A??@??_???O??A??C????G???G???G???A????G???
=== corrida 17/20 (semilla 777016) ===
[corrida 16] CONTRAEJEMPLO en gen 96: gap=0.00487247 n=29 g6=\@IOI?COB??_O?O?G?@??@?@???G?@???_??G??A????_??O???G???C???A????@????
=== corrida 18/20 (semilla 777017) ===
[corrida 17] CONTRAEJEMPLO en gen 85: gap=0.00487247 n=29 g6=\_??Hp??aCG??O?_G??A?O??@??A?A???@???_?A????W??O????_??G????C????_???
=== corrida 19/20 (semilla 777018) ===
[corrida 18] CONTRAEJEMPLO en gen 81: gap=0.00487247 n=29 g6=\X?H@?A?GG?_@??G?_@??@??_??@??G???_??G??G??C????G??@G??C????@???G????
=== corrida 20/20 (semilla 777019) ===
[corrida 19] CONTRAEJEMPLO en gen 97: gap=0.00487247 n=29 g6=\?@_K_@?OT?_@??O?@??O@??@???O?A???G?@???G???@???O???O???@???A???@????
[fin] 19/20 corridas con gap>0 en 450 s; log: calibracion\runs\ga_log_sin_seeds.csv
